<?xml version="1.0" encoding="UTF-8"?>
<!-- Generated by org.testng.reporters.JUnitXMLReporter -->
<testsuite hostname="Love" ignored="2" name="Surefire test" tests="3" failures="0" timestamp="2023-02-12T12:36:20 IST" time="2.08" errors="0">
  <testcase name="DataProviderTest" time="0.016" classname="com.qa.tests.DPTest"/>
  <testcase name="DataProviderTest" time="0.0" classname="com.qa.tests.DPTest"/>
  <testcase name="getEmployeeDetails" time="2.017" classname="com.qa.tests.GetTests"/>
  <testcase name="@AfterSuite tearDownReport" time="0.0" classname="com.qa.tests.BaseTest">
    <ignored/>
  </testcase> <!-- @AfterSuite tearDownReport -->
  <testcase name="@BeforeSuite setupReport" time="0.0" classname="com.qa.tests.BaseTest">
    <ignored/>
  </testcase> <!-- @BeforeSuite setupReport -->
</testsuite> <!-- Surefire test -->
