<?xml version="1.0" encoding="UTF-8"?>
<testsuite xmlns:xsi="http://www.w3.org/2001/XMLSchema-instance" xsi:noNamespaceSchemaLocation="https://maven.apache.org/surefire/maven-surefire-plugin/xsd/surefire-test-report-3.0.xsd" version="3.0" name="TestSuite" time="3.082" tests="3" errors="0" skipped="0" failures="0">
  <properties>
[...]
</properties>
  <testcase name="DataProviderTest[qa, test](1)" classname="com.qa.tests.DPTest" time="0">
    <system-out><![CDATA[qa test
]]></system-out>
  </testcase>
  <testcase name="DataProviderTest[qaaa, test2](2)" classname="com.qa.tests.DPTest" time="0.016">
    <system-out><![CDATA[qaaa test2
]]></system-out>
  </testcase>
  <testcase name="getEmployeeDetails" classname="com.qa.tests.GetTests" time="2.009">
    <system-out><![CDATA[Request method:	GET
Request URI:	http://localhost:3000/employees
Proxy:			<none>
Request params:	<none>
Query params:	<none>
Form params:	<none>
Path params:	<none>
Headers:		Accept=*/*
Cookies:		<none>
Multiparts:		<none>
Body:			<none>
[
    {
        "firstname": "James",
        "lastname": "faulkner",
        "id": "23",
        "state": "goa"
    },
    {
        "firstname": "Janas",
        "lastname": "manas",
        "id": "24",
        "state": "garner"
    },
    {
        "employees": [
            {
                "firstname": "James",
                "lastname": "faulkner",
                "id": "23",
                "state": "goa"
            },
            {
                "firstname": "Janas",
                "lastname": "manas",
                "id": "24",
                "state": "garner"
            }
        ],
        "id": "gTjG6U4"
    },
    {
        "firstname": "James",
        "lastname": "faulkner",
        "id": 5,
        "state": "goa"
    },
    {
        "id": "pwk_Qms"
    },
    {
        "id": "ghYn-2S"
    },
    {
        "firstname": "James",
        "lastname": "faulkner",
        "id": 6,
        "state": "goa"
    },
    {
        "firstname": "James",
        "lastname": "faulkner",
        "id": 7,
        "state": "goa"
    },
    {
        "id": "YDt4nE9"
    },
    {
        "id": "hnCaSWx"
    },
    {
        "id": "wgfljfV"
    },
    {
        "id": "tnVdHAf"
    },
    {
        "id": "Q_KETmE"
    },
    {
        "id": "9j25M4k"
    },
    {
        "id": "1-oqTAz"
    },
    {
        "id": "XhlUYWK"
    },
    {
        "id": "AeW3fZn"
    },
    {
        "id": "1pf_Ht0"
    },
    {
        "id": "CclLKEE"
    },
    {
        "id": "KlRH_j0"
    },
    {
        "firstname": "Willis",
        "latname": "Fay",
        "id": 73217,
        "state": "Iowa"
    },
    {
        "firstname": "Bruno",
        "latname": "Murray",
        "id": 12164,
        "state": "Alabama"
    },
    {
        "firstname": "Ladawn",
        "latname": "Frami",
        "id": 91378,
        "state": "Nevada"
    },
    {
        "firstname": "Nyla",
        "latname": "Huel",
        "id": 96454,
        "state": "New Jersey"
    },
    {
        "firstname": "Lonnie",
        "latname": "Gaylord",
        "id": 81758,
        "state": "Utah"
    },
    {
        "firstname": "Verena",
        "latname": "Dicki",
        "id": 77145,
        "state": "Colorado"
    },
    {
        "firstname": "Marvel",
        "latname": "Christiansen",
        "id": 39637,
        "state": "Washington"
    },
    {
        "firstname": "Herlinda",
        "lastname": "Aufderhar",
        "id": 274,
        "state": "Louisiana",
        "jobs": [
            "Executive",
            "Producer"
        ],
        "food": {
            "lunch": "Poutine"
        }
    },
    {
        "firstname": "Tempie",
        "lastname": "Luettgen",
        "id": 344926371,
        "state": "South Dakota",
        "jobs": [
            "Orchestrator",
            "Planner"
        ],
        "food": {
            "lunch": "Chicken Parm",
            "breakfast": "Chicken Parm"
        }
    },
    {
        "firstname": "Alene",
        "lastname": "Schneider",
        "id": 608751063,
        "state": "New Mexico",
        "jobs": [
            "Representative",
            "Associate"
        ],
        "food": {
            "lunch": "Chicken Wings",
            "breakfast": "Pizza",
            "dinner": [
                "Chicken Fajitas",
                "Souvlaki"
            ]
        }
    },
    {
        "empty": false,
        "id": "8do1nQl"
    },
    {
        "empty": false,
        "id": "waC5i46"
    },
    {
        "firstname": "Moses",
        "jobs": [
            "Orchestrator",
            "Manager"
        ],
        "favfood": {
            "lunch": "Ricotta Stuffed Ravioli",
            "brakfast": "Caesar Salad",
            "dinner": [
                "Vegetable Soup",
                "Bruschette with Tomato"
            ]
        },
        "state": "Ohio",
        "id": 53,
        "email": [
            "b@gmail.com",
            "a@gmail.com"
        ],
        "lastname": "Rippin"
    },
    {
        "firstname": "Heidi",
        "jobs": [
            "Facilitator",
            "Liaison"
        ],
        "favfood": {
            "lunch": "Chilli con Carne",
            "brakfast": "Ricotta Stuffed Ravioli",
            "dinner": [
                "French Fries with Sausages",
                "Souvlaki"
            ]
        },
        "state": "Minnesota",
        "id": 62529602,
        "email": [
            "b@gmail.com",
            "a@gmail.com"
        ],
        "lastname": "Casper"
    },
    {
        "firstname": "Candice",
        "jobs": [
            "Strategist",
            "Engineer"
        ],
        "favfood": {
            "lunch": "Massaman Curry",
            "brakfast": "Pizza",
            "dinner": [
                "Pierogi",
                "Philadelphia Maki"
            ]
        },
        "state": "Nebraska",
        "id": 96735,
        "email": "a@gmail.com",
        "lastname": "Hartmann"
    },
    {
        "firstname": "Jacques",
        "jobs": [
            "Planner",
            "Director"
        ],
        "favfood": {
            "lunch": "Cauliflower Penne",
            "brakfast": "Linguine with Clams",
            "dinner": [
                "Pasta and Beans",
                "Som Tam"
            ]
        },
        "state": "Indiana",
        "id": 67617871,
        "email": [
            "b@gmail.com",
            "a@gmail.com"
        ],
        "lastname": "Yost"
    },
    {
        "firstname": "Sara",
        "email1": "",
        "jobs": [
            "Consultant",
            "Consultant"
        ],
        "favfood": {
            "lunch": "Bruschette with Tomato",
            "brakfast": "Cauliflower Penne",
            "dinner": [
                "Pasta Carbonara",
                "Cheeseburger"
            ]
        },
        "state": "Georgia",
        "id": 1748863,
        "email": [
            "b@gmail.com",
            "a@gmail.com"
        ],
        "lastname": "Kuhlman"
    },
    {
        "firstname": "Kurtis",
        "email1": "",
        "jobs": [
            "Developer",
            "Engineer"
        ],
        "favfood": {
            "lunch": "Pasta with Tomato and Basil",
            "brakfast": "Pizza",
            "dinner": [
                "Vegetable Soup",
                "Pork Sausage Roll"
            ]
        },
        "state": "West Virginia",
        "id": 80,
        "email": [
            "b@gmail.com",
            "a@gmail.com"
        ],
        "lastname": "Heaney"
    },
    {
        "firstname": "Junko",
        "email1": "",
        "jobs": [
            "Officer",
            "Engineer"
        ],
        "favfood": {
            "lunch": "Ricotta Stuffed Ravioli",
            "brakfast": "Chicken Milanese",
            "dinner": [
                "Souvlaki",
                "Bruschette with Tomato"
            ]
        },
        "state": "Oklahoma",
        "id": 9,
        "email": [
            "b@gmail.com",
            "a@gmail.com"
        ],
        "lastname": "Batz"
    },
    {
        "id": "ULqgF8b"
    },
    {
        "id": "kgcpZ2n"
    },
    {
        "id": "ZPZlFpq"
    },
    {
        "id": "SBOZ4Zr"
    },
    {
        "id": "Sb6gtyu"
    },
    {
        "id": "_nHtFIV"
    },
    {
        "id": "GPYY9nX"
    },
    {
        "id": "JoeSHSo"
    },
    {
        "firstName": "Pierre",
        "lastName": "DuBuque",
        "state": "Illinois",
        "id": 4,
        "jobs": [
            "Corporate Real-Estate Executive",
            "Investor Consulting Consultant"
        ],
        "email": "RafaelaWalsh@gmail.com"
    },
    {
        "firstName": "Elda",
        "lastName": "Carroll",
        "state": "Virginia",
        "id": 1,
        "jobs": [
            "Retail Analyst",
            "Accounting Planner"
        ],
        "email": "ShaunJohns@gmail.com"
    },
    {
        "firstName": "Brett",
        "lastName": "Hauck",
        "state": "Minnesota",
        "id": 7381880,
        "jobs": [
            "Regional Design Technician",
            "Dynamic Engineer"
        ],
        "email": "NoelGreenholt@gmail.com"
    },
    {
        "firstName": "Lakesha",
        "lastName": "Larkin",
        "state": "Minnesota",
        "id": 4371955,
        "jobs": [
            "IT Producer",
            "Customer Design Officer"
        ],
        "email": "LanieBernier@gmail.com",
        "favFoods": null
    },
    {
        "firstName": "Alfonso",
        "lastName": "Von",
        "state": "Wisconsin",
        "id": 344,
        "jobs": [
            "Principal Advertising Orchestrator",
            "Mining Analyst"
        ],
        "email": "RufinaTreutel@gmail.com",
        "favFoods": null
    },
    {
        "firstName": "Ryann",
        "lastName": "Haley",
        "state": "South Carolina",
        "id": 3368,
        "jobs": [
            "Chief Executive",
            "Hospitality Agent"
        ],
        "email": "ValentinJacobi@gmail.com",
        "favFoods": {
            "dinner": "Mushroom Risotto",
            "lunch": "Pasta Carbonara",
            "breakFast": "Philadelphia Maki"
        }
    },
    {
        "firstName": "Audrey",
        "lastName": "Stanton",
        "state": "New York",
        "id": 8120,
        "jobs": [
            "Dynamic Architect",
            "Senior Healthcare Consultant"
        ],
        "email": "VerlieProsacco@gmail.com",
        "favFoods": {
            "dinner": "Linguine with Clams",
            "lunch": "Poke",
            "breakFast": "Fettuccine Alfredo"
        }
    },
    {
        "id": "rA0yilT"
    },
    {
        "id": "urI5trj"
    },
    {
        "id": 1719,
        "city": "West Toddburgh",
        "fname": "bret",
        "lname": "schulist"
    },
    {
        "id": 770,
        "city": "Gayleburgh",
        "lname": "rau",
        "fname": "dana"
    },
    {
        "id": 2225,
        "city": "Howeberg",
        "lname": "ferry",
        "fname": "shellie"
    },
    {
        "id": 1288,
        "city": "Garyfort",
        "lname": "frami",
        "fname": "margaret"
    },
    {
        "id": "2ppGS-_"
    },
    {
        "id": "ZT3o3v0"
    },
    {
        "id": "3sc-9Zx"
    },
    {
        "id": "6sjKMTm"
    },
    {
        "id": "lPI50d4"
    },
    {
        "id": "t2gc-9Y"
    },
    {
        "id": 298,
        "city": "Gulgowskifort",
        "fname": "anibal",
        "lname": "berge"
    },
    {
        "id": 215,
        "city": "Longville",
        "fname": "mack",
        "lname": "grimes"
    },
    {
        "id": "qcLm0Ln"
    },
    {
        "id": "hmIfmkZ"
    }
]
]]></system-out>
  </testcase>
</testsuite>